Arguments: 
  E:\NodeJS\node.exe C:\Users\Admin\AppData\Roaming\npm\node_modules\yarn\bin\yarn.js add react-native-google-signin

PATH: 
  C:\Python27\;C:\Python27\Scripts;C:\Program Files (x86)\Common Files\Oracle\Java\javapath;C:\Windows\system32;C:\Windows;C:\Windows\System32\Wbem;C:\Windows\System32\WindowsPowerShell\v1.0\;C:\Program Files (x86)\GtkSharp\2.12\bin;C:\Program Files (x86)\Windows Kits\10\Windows Performance Toolkit\;C:\Program Files (x86)\Microsoft SQL Server\100\Tools\Binn\;C:\Program Files\Microsoft SQL Server\100\Tools\Binn\;C:\Program Files\Microsoft SQL Server\100\DTS\Binn\;C:\Program Files (x86)\Microsoft SQL Server\100\Tools\Binn\VSShell\Common7\IDE\;C:\Program Files (x86)\Microsoft SQL Server\100\DTS\Binn\;C:\Program Files\Microsoft SQL Server\120\Tools\Binn\;C:\Program Files\Microsoft SQL Server\Client SDK\ODBC\110\Tools\Binn\;C:\Program Files (x86)\Microsoft SQL Server\120\Tools\Binn\;C:\Program Files\Microsoft SQL Server\120\DTS\Binn\;C:\Program Files (x86)\Microsoft SQL Server\120\Tools\Binn\ManagementStudio\;C:\Program Files (x86)\Microsoft SQL Server\120\DTS\Binn\;C:\ProgramData\chocolatey\bin;C:\Program Files\Java\jdk1.8.0_211\bin;C:\Program Files\Microsoft\Web Platform Installer\;C:\Program Files (x86)\Microsoft ASP.NET\ASP.NET Web Pages\v1.0\;C:\xampp\php;C:\composer;E:\NodeJS\;C:\Program Files\Git\cmd;C:\Users\Admin\AppData\Local\Microsoft\WindowsApps;C:\Users\Admin\AppData\Local\Programs\Microsoft VS Code\bin;C:\Users\Admin\AppData\Roaming\Composer\vendor\bin;C:\Users\Admin\AppData\Roaming\npm

Yarn version: 
  1.19.1

Node version: 
  12.10.0

Platform: 
  win32 x64

Trace: 
  Error: EPERM: operation not permitted, unlink 'E:\ZaloNavigation\node_modules\@babel\plugin-transform-runtime\node_modules\.bin'

npm manifest: 
  {
    "main": "node_modules/expo/AppEntry.js",
    "scripts": {
      "start": "expo start",
      "android": "expo start --android",
      "ios": "expo start --ios",
      "web": "expo start --web",
      "eject": "expo eject",
      "test": "jest --watchAll"
    },
    "jest": {
      "preset": "jest-expo"
    },
    "dependencies": {
      "@expo/samples": "~3.0.3",
      "@expo/vector-icons": "^10.0.3",
      "@react-native-community/art": "^1.0.2",
      "@react-navigation/web": "^1.0.0-alpha.9",
      "expo": "^35.0.0",
      "expo-asset": "^7.0.0",
      "expo-constants": "^7.0.0",
      "expo-font": "^7.0.0",
      "expo-google-app-auth": "^7.0.0",
      "expo-google-sign-in": "^7.0.0",
      "expo-web-browser": "^7.0.0",
      "firebase": "^7.3.0",
      "moment": "^2.24.0",
      "rc-progress": "^2.5.2",
      "react": "16.8.3",
      "react-dom": "16.8.3",
      "react-native": "https://github.com/expo/react-native/archive/sdk-35.0.0.tar.gz",
      "react-native-dialog-progress": "^1.0.2",
      "react-native-elements": "^1.2.6",
      "react-native-gesture-handler": "~1.3.0",
      "react-native-indicators": "^0.17.0",
      "react-native-loading-spinner-overlay": "^1.0.1",
      "react-native-modal": "^11.5.3",
      "react-native-modalbox": "^2.0.0",
      "react-native-paper": "^3.0.0",
      "react-native-percentage-circle": "^1.0.7",
      "react-native-picker-select": "^6.3.3",
      "react-native-progress": "^4.0.1",
      "react-native-progress-steps": "^1.2.8",
      "react-native-radio-buttons-group": "^1.0.7",
      "react-native-simple-dialogs": "^1.2.0",
      "react-native-simple-radio-button": "^2.7.4",
      "react-native-slider": "^0.11.0",
      "react-native-swiper-flatlist": "^2.0.3",
      "react-native-web": "^0.11.7",
      "react-navigation": "^3.12.0"
    },
    "devDependencies": {
      "babel-preset-expo": "^7.0.0",
      "jest-expo": "^35.0.0"
    },
    "private": true
  }

yarn manifest: 
  No manifest

Lockfile: 
  No lockfile
